<?xml version="1.0" encoding="UTF-8"?>
<!-- Generated by org.testng.reporters.JUnitXMLReporter -->
<testsuite ignored="0" hostname="LAPTOP-7LQ2IVHJ" failures="0" tests="3" name="Default test" time="0.09" errors="0" timestamp="2022-04-29T18:18:42 IST">
  <testcase classname="com.mindtree.runners.LambdaTest" name="test1" time="0.014"/>
  <testcase classname="com.mindtree.runners.LambdaTest" name="test2" time="0.003"/>
  <testcase classname="com.mindtree.runners.LambdaTest" name="test3" time="0.002"/>
</testsuite> <!-- Default test -->
