<?xml version="1.0" encoding="UTF-8"?>
<testng-results ignored="0" total="3" passed="3" failed="0" skipped="0">
  <reporter-output>
  </reporter-output>
  <suite started-at="2022-04-29T18:18:42 IST" name="Default suite" finished-at="2022-04-29T18:18:42 IST" duration-ms="90">
    <groups>
    </groups>
    <test started-at="2022-04-29T18:18:42 IST" name="Default test" finished-at="2022-04-29T18:18:42 IST" duration-ms="90">
      <class name="com.mindtree.runners.LambdaTest">
        <test-method signature="test1()[pri:0, instance:com.mindtree.runners.LambdaTest@bd4dc25]" started-at="2022-04-29T18:18:42 IST" name="test1" finished-at="2022-04-29T18:18:42 IST" duration-ms="14" status="PASS">
          <reporter-output>
          </reporter-output>
        </test-method> <!-- test1 -->
        <test-method signature="test2()[pri:0, instance:com.mindtree.runners.LambdaTest@bd4dc25]" started-at="2022-04-29T18:18:42 IST" name="test2" finished-at="2022-04-29T18:18:42 IST" duration-ms="3" status="PASS">
          <reporter-output>
          </reporter-output>
        </test-method> <!-- test2 -->
        <test-method signature="test3()[pri:0, instance:com.mindtree.runners.LambdaTest@bd4dc25]" started-at="2022-04-29T18:18:42 IST" name="test3" finished-at="2022-04-29T18:18:42 IST" duration-ms="2" status="PASS">
          <reporter-output>
          </reporter-output>
        </test-method> <!-- test3 -->
      </class> <!-- com.mindtree.runners.LambdaTest -->
    </test> <!-- Default test -->
  </suite> <!-- Default suite -->
</testng-results>
